This is pdfTeX, Version 3.141592653-2.6-1.40.26 (TeX Live 2024) (preloaded format=pdflatex 2024.6.11)  7 OCT 2024 16:21
entering extended mode
 restricted \write18 enabled.
 %&-line parsing enabled.
**multiverseSnakesManuscript.tex
(./multiverseSnakesManuscript.tex
LaTeX2e <2024-06-01>
L3 programming layer <2024-05-27>
(c:/Users/benma/AppData/Roaming/TinyTeX/texmf-dist/tex/latex/base/article.cls
Document Class: article 2024/02/08 v1.4n Standard LaTeX document class
(c:/Users/benma/AppData/Roaming/TinyTeX/texmf-dist/tex/latex/base/size10.clo
File: size10.clo 2024/02/08 v1.4n Standard LaTeX file (size option)
)
\c@part=\count194
\c@section=\count195
\c@subsection=\count196
\c@subsubsection=\count197
\c@paragraph=\count198
\c@subparagraph=\count199
\c@figure=\count266
\c@table=\count267
\abovecaptionskip=\skip49
\belowcaptionskip=\skip50
\bibindent=\dimen141
) (./f1000_styles.sty
Package: f1000_styles 
(c:/Users/benma/AppData/Roaming/TinyTeX/texmf-dist/tex/latex/preprint/authblk.sty
Package: authblk 2001/02/27 1.3 (PWD)
\affilsep=\skip51
\@affilsep=\skip52
\c@Maxaffil=\count268
\c@authors=\count269
\c@affil=\count270
) (c:/Users/benma/AppData/Roaming/TinyTeX/texmf-dist/tex/generic/babel/babel.sty
Package: babel 2024/10/05 v24.11 The Babel package
\babel@savecnt=\count271
\U@D=\dimen142
\l@unhyphenated=\language7
(c:/Users/benma/AppData/Roaming/TinyTeX/texmf-dist/tex/generic/babel/txtbabel.def)
\bbl@readstream=\read2
\bbl@dirlevel=\count272
(c:/Users/benma/AppData/Roaming/TinyTeX/texmf-dist/tex/generic/babel-english/english.ldf
Language: english 2017/06/06 v3.3r English support from the babel system
Package babel Info: Hyphen rules for 'canadian' set to \l@english
(babel)             (\language0). Reported on input line 102.
Package babel Info: Hyphen rules for 'australian' set to \l@ukenglish
(babel)             (\language5). Reported on input line 105.
Package babel Info: Hyphen rules for 'newzealand' set to \l@ukenglish
(babel)             (\language5). Reported on input line 108.
)) (c:/Users/benma/AppData/Roaming/TinyTeX/texmf-dist/tex/generic/babel/locale/en/babel-english.tex
Package babel Info: Importing font and identification data for english
(babel)             from babel-en.ini. Reported on input line 11.
) (c:/Users/benma/AppData/Roaming/TinyTeX/texmf-dist/tex/latex/base/inputenc.sty
Package: inputenc 2024/02/08 v1.3d Input encoding file
\inpenc@prehook=\toks17
\inpenc@posthook=\toks18
) (c:/Users/benma/AppData/Roaming/TinyTeX/texmf-dist/tex/latex/base/fontenc.sty
Package: fontenc 2021/04/29 v2.0v Standard LaTeX package
) (c:/Users/benma/AppData/Roaming/TinyTeX/texmf-dist/tex/latex/xcharter/XCharter.sty
Package: XCharter 2023/07/21 v1.25
`XCharter' v1.25, 2023/07/21 Text macros for XCharter, an extension of Charter (msharpe) (c:/Users/benma/AppData/Roaming/TinyTeX/texmf-dist/tex/generic/iftex/iftex.sty
Package: iftex 2022/02/03 v1.0f TeX engine tests
) (c:/Users/benma/AppData/Roaming/TinyTeX/texmf-dist/tex/latex/xkeyval/xkeyval.sty
Package: xkeyval 2022/06/16 v2.9 package option processing (HA)
(c:/Users/benma/AppData/Roaming/TinyTeX/texmf-dist/tex/generic/xkeyval/xkeyval.tex (c:/Users/benma/AppData/Roaming/TinyTeX/texmf-dist/tex/generic/xkeyval/xkvutils.tex
\XKV@toks=\toks19
\XKV@tempa@toks=\toks20
(c:/Users/benma/AppData/Roaming/TinyTeX/texmf-dist/tex/generic/xkeyval/keyval.tex))
\XKV@depth=\count273
File: xkeyval.tex 2014/12/03 v2.7a key=value parser (HA)
)) (c:/Users/benma/AppData/Roaming/TinyTeX/texmf-dist/tex/latex/etoolbox/etoolbox.sty
Package: etoolbox 2020/10/05 v2.5k e-TeX tools for LaTeX (JAW)
\etb@tempcnta=\count274
) (c:/Users/benma/AppData/Roaming/TinyTeX/texmf-dist/tex/latex/base/textcomp.sty
Package: textcomp 2024/04/24 v2.1b Standard LaTeX package
) (c:/Users/benma/AppData/Roaming/TinyTeX/texmf-dist/tex/generic/xstring/xstring.sty (c:/Users/benma/AppData/Roaming/TinyTeX/texmf-dist/tex/generic/xstring/xstring.tex
\xs_counta=\count275
\xs_countb=\count276
)
Package: xstring 2023/08/22 v1.86 String manipulations (CT)
) (c:/Users/benma/AppData/Roaming/TinyTeX/texmf-dist/tex/latex/base/ifthen.sty
Package: ifthen 2024/03/16 v1.1e Standard LaTeX ifthen package (DPC)
) (c:/Users/benma/AppData/Roaming/TinyTeX/texmf-dist/tex/latex/carlisle/scalefnt.sty) (c:/Users/benma/AppData/Roaming/TinyTeX/texmf-dist/tex/latex/base/fontenc.sty
Package: fontenc 2021/04/29 v2.0v Standard LaTeX package
)
LaTeX Font Info:    Setting XCharter-LF sub-encoding to TS1/0 on input line 37.
LaTeX Font Info:    Changing XCharter-TLF sub-encoding to TS1/0 on input line 37.
LaTeX Font Info:    Setting XCharter-OsF sub-encoding to TS1/0 on input line 37.
LaTeX Font Info:    Changing XCharter-TOsF sub-encoding to TS1/0 on input line 37.
\xch@cnt=\count277
(c:/Users/benma/AppData/Roaming/TinyTeX/texmf-dist/tex/latex/fontaxes/fontaxes.sty
Package: fontaxes 2020/07/21 v1.0e Font selection axes
LaTeX Info: Redefining \upshape on input line 29.
LaTeX Info: Redefining \itshape on input line 31.
LaTeX Info: Redefining \slshape on input line 33.
LaTeX Info: Redefining \swshape on input line 35.
LaTeX Info: Redefining \scshape on input line 37.
LaTeX Info: Redefining \sscshape on input line 39.
LaTeX Info: Redefining \ulcshape on input line 41.
LaTeX Info: Redefining \textsw on input line 47.
LaTeX Info: Redefining \textssc on input line 48.
LaTeX Info: Redefining \textulc on input line 49.
)
LaTeX Info: Redefining \textsu on input line 737.
LaTeX Info: Redefining \textde on input line 740.
LaTeX Info: Redefining \textinf on input line 742.
) (c:/Users/benma/AppData/Roaming/TinyTeX/texmf-dist/tex/latex/colortbl/colortbl.sty
Package: colortbl 2024/07/06 v1.0i Color table columns (DPC)
(c:/Users/benma/AppData/Roaming/TinyTeX/texmf-dist/tex/latex/tools/array.sty
Package: array 2024/06/14 v2.6d Tabular extension package (FMi)
\col@sep=\dimen143
\ar@mcellbox=\box52
\extrarowheight=\dimen144
\NC@list=\toks21
\extratabsurround=\skip53
\backup@length=\skip54
\ar@cellbox=\box53
) (c:/Users/benma/AppData/Roaming/TinyTeX/texmf-dist/tex/latex/graphics/color.sty
Package: color 2024/01/14 v1.3d Standard LaTeX Color (DPC)
(c:/Users/benma/AppData/Roaming/TinyTeX/texmf-dist/tex/latex/graphics-cfg/color.cfg
File: color.cfg 2016/01/02 v1.6 sample color configuration
)
Package color Info: Driver file: pdftex.def on input line 149.
(c:/Users/benma/AppData/Roaming/TinyTeX/texmf-dist/tex/latex/graphics-def/pdftex.def
File: pdftex.def 2024/04/13 v1.2c Graphics/color driver for pdftex
) (c:/Users/benma/AppData/Roaming/TinyTeX/texmf-dist/tex/latex/graphics/mathcolor.ltx))
\everycr=\toks22
\minrowclearance=\skip55
\rownum=\count278
) (c:/Users/benma/AppData/Roaming/TinyTeX/texmf-dist/tex/latex/xcolor/xcolor.sty
Package: xcolor 2024/09/29 v3.02 LaTeX color extensions (UK)
(c:/Users/benma/AppData/Roaming/TinyTeX/texmf-dist/tex/latex/graphics-cfg/color.cfg
File: color.cfg 2016/01/02 v1.6 sample color configuration
)

Package xcolor Warning: Package option `usenames' is obsolete and ignored on input line 265.

Package xcolor Info: Driver file: pdftex.def on input line 274.
LaTeX Info: Redefining \color on input line 762.
(c:/Users/benma/AppData/Roaming/TinyTeX/texmf-dist/tex/latex/graphics/mathcolor.ltx)
Package xcolor Info: Model `cmy' substituted by `cmy0' on input line 1349.
Package xcolor Info: Model `hsb' substituted by `rgb' on input line 1353.
Package xcolor Info: Model `RGB' extended on input line 1365.
Package xcolor Info: Model `HTML' substituted by `rgb' on input line 1367.
Package xcolor Info: Model `Hsb' substituted by `hsb' on input line 1368.
Package xcolor Info: Model `tHsb' substituted by `hsb' on input line 1369.
Package xcolor Info: Model `HSB' substituted by `hsb' on input line 1370.
Package xcolor Info: Model `Gray' substituted by `gray' on input line 1371.
Package xcolor Info: Model `wave' substituted by `hsb' on input line 1372.
) (c:/Users/benma/AppData/Roaming/TinyTeX/texmf-dist/tex/latex/graphics/dvipsnam.def
File: dvipsnam.def 2016/06/17 v3.0m Driver-dependent file (DPC,SPQR)
) (c:/Users/benma/AppData/Roaming/TinyTeX/texmf-dist/tex/latex/amsmath/amsmath.sty
Package: amsmath 2024/05/23 v2.17q AMS math features
\@mathmargin=\skip56
For additional information on amsmath, use the `?' option.
(c:/Users/benma/AppData/Roaming/TinyTeX/texmf-dist/tex/latex/amsmath/amstext.sty
Package: amstext 2021/08/26 v2.01 AMS text
(c:/Users/benma/AppData/Roaming/TinyTeX/texmf-dist/tex/latex/amsmath/amsgen.sty
File: amsgen.sty 1999/11/30 v2.0 generic functions
\@emptytoks=\toks23
\ex@=\dimen145
)) (c:/Users/benma/AppData/Roaming/TinyTeX/texmf-dist/tex/latex/amsmath/amsbsy.sty
Package: amsbsy 1999/11/29 v1.2d Bold Symbols
\pmbraise@=\dimen146
) (c:/Users/benma/AppData/Roaming/TinyTeX/texmf-dist/tex/latex/amsmath/amsopn.sty
Package: amsopn 2022/04/08 v2.04 operator names
)
\inf@bad=\count279
LaTeX Info: Redefining \frac on input line 233.
\uproot@=\count280
\leftroot@=\count281
LaTeX Info: Redefining \overline on input line 398.
LaTeX Info: Redefining \colon on input line 409.
\classnum@=\count282
\DOTSCASE@=\count283
LaTeX Info: Redefining \ldots on input line 495.
LaTeX Info: Redefining \dots on input line 498.
LaTeX Info: Redefining \cdots on input line 619.
\Mathstrutbox@=\box54
\strutbox@=\box55
LaTeX Info: Redefining \big on input line 721.
LaTeX Info: Redefining \Big on input line 722.
LaTeX Info: Redefining \bigg on input line 723.
LaTeX Info: Redefining \Bigg on input line 724.
\big@size=\dimen147
LaTeX Font Info:    Redeclaring font encoding OML on input line 742.
LaTeX Font Info:    Redeclaring font encoding OMS on input line 743.
\macc@depth=\count284
LaTeX Info: Redefining \bmod on input line 904.
LaTeX Info: Redefining \pmod on input line 909.
LaTeX Info: Redefining \smash on input line 939.
LaTeX Info: Redefining \relbar on input line 969.
LaTeX Info: Redefining \Relbar on input line 970.
\c@MaxMatrixCols=\count285
\dotsspace@=\muskip17
\c@parentequation=\count286
\dspbrk@lvl=\count287
\tag@help=\toks24
\row@=\count288
\column@=\count289
\maxfields@=\count290
\andhelp@=\toks25
\eqnshift@=\dimen148
\alignsep@=\dimen149
\tagshift@=\dimen150
\tagwidth@=\dimen151
\totwidth@=\dimen152
\lineht@=\dimen153
\@envbody=\toks26
\multlinegap=\skip57
\multlinetaggap=\skip58
\mathdisplay@stack=\toks27
LaTeX Info: Redefining \[ on input line 2953.
LaTeX Info: Redefining \] on input line 2954.
) (c:/Users/benma/AppData/Roaming/TinyTeX/texmf-dist/tex/latex/graphics/graphicx.sty
Package: graphicx 2021/09/16 v1.2d Enhanced LaTeX Graphics (DPC,SPQR)
(c:/Users/benma/AppData/Roaming/TinyTeX/texmf-dist/tex/latex/graphics/graphics.sty
Package: graphics 2024/05/23 v1.4g Standard LaTeX Graphics (DPC,SPQR)
(c:/Users/benma/AppData/Roaming/TinyTeX/texmf-dist/tex/latex/graphics/trig.sty
Package: trig 2023/12/02 v1.11 sin cos tan (DPC)
) (c:/Users/benma/AppData/Roaming/TinyTeX/texmf-dist/tex/latex/graphics-cfg/graphics.cfg
File: graphics.cfg 2016/06/04 v1.11 sample graphics configuration
)
Package graphics Info: Driver file: pdftex.def on input line 106.
)
\Gin@req@height=\dimen154
\Gin@req@width=\dimen155
) (c:/Users/benma/AppData/Roaming/TinyTeX/texmf-dist/tex/latex/fancyhdr/fancyhdr.sty
Package: fancyhdr 2024/07/23 v4.3.1 Extensive control of page headers and footers
\f@nch@headwidth=\skip59
\f@nch@O@elh=\skip60
\f@nch@O@erh=\skip61
\f@nch@O@olh=\skip62
\f@nch@O@orh=\skip63
\f@nch@O@elf=\skip64
\f@nch@O@erf=\skip65
\f@nch@O@olf=\skip66
\f@nch@O@orf=\skip67
) (c:/Users/benma/AppData/Roaming/TinyTeX/texmf-dist/tex/latex/setspace/setspace.sty
Package: setspace 2022/12/04 v6.7b set line spacing
) (c:/Users/benma/AppData/Roaming/TinyTeX/texmf-dist/tex/latex/caption/caption.sty
Package: caption 2023/08/05 v3.6o Customizing captions (AR)
(c:/Users/benma/AppData/Roaming/TinyTeX/texmf-dist/tex/latex/caption/caption3.sty
Package: caption3 2023/07/31 v2.4d caption3 kernel (AR)
\caption@tempdima=\dimen156
\captionmargin=\dimen157
\caption@leftmargin=\dimen158
\caption@rightmargin=\dimen159
\caption@width=\dimen160
\caption@indent=\dimen161
\caption@parindent=\dimen162
\caption@hangindent=\dimen163
Package caption Info: Standard document class detected.
)
\c@caption@flags=\count291
\c@continuedfloat=\count292
) (c:/Users/benma/AppData/Roaming/TinyTeX/texmf-dist/tex/latex/lastpage/lastpage.sty
Package: lastpage 2024/07/07 v2.1c lastpage: 2.09 or 2e? (HMM)
(c:/Users/benma/AppData/Roaming/TinyTeX/texmf-dist/tex/latex/lastpage/lastpage2e.sty
Package: lastpage2e 2024/07/07 v2.1c Decide which 2e lastpage version to use (HMM)
(c:/Users/benma/AppData/Roaming/TinyTeX/texmf-dist/tex/latex/lastpage/lastpagemodern.sty
Package: lastpagemodern 2024-07-07 v2.1c Refers to last page's name (HMM; JPG)
\c@lastpagecount=\count293
) 
)) (c:/Users/benma/AppData/Roaming/TinyTeX/texmf-dist/tex/latex/xifthen/xifthen.sty
Package: xifthen 2015/11/05 v1.4.0 Extended ifthen features
(c:/Users/benma/AppData/Roaming/TinyTeX/texmf-dist/tex/latex/tools/calc.sty
Package: calc 2023/07/08 v4.3 Infix arithmetic (KKT,FJ)
\calc@Acount=\count294
\calc@Bcount=\count295
\calc@Adimen=\dimen164
\calc@Bdimen=\dimen165
\calc@Askip=\skip68
\calc@Bskip=\skip69
LaTeX Info: Redefining \setlength on input line 80.
LaTeX Info: Redefining \addtolength on input line 81.
\calc@Ccount=\count296
\calc@Cskip=\skip70
) (c:/Users/benma/AppData/Roaming/TinyTeX/texmf-dist/tex/latex/ifmtarg/ifmtarg.sty
Package: ifmtarg 2018/04/16 v1.2b check for an empty argument
)) (c:/Users/benma/AppData/Roaming/TinyTeX/texmf-dist/tex/latex/hyperref/hyperref.sty
Package: hyperref 2024-07-10 v7.01j Hypertext links for LaTeX
(c:/Users/benma/AppData/Roaming/TinyTeX/texmf-dist/tex/latex/kvsetkeys/kvsetkeys.sty
Package: kvsetkeys 2022-10-05 v1.19 Key value parser (HO)
) (c:/Users/benma/AppData/Roaming/TinyTeX/texmf-dist/tex/generic/kvdefinekeys/kvdefinekeys.sty
Package: kvdefinekeys 2019-12-19 v1.6 Define keys (HO)
) (c:/Users/benma/AppData/Roaming/TinyTeX/texmf-dist/tex/generic/pdfescape/pdfescape.sty
Package: pdfescape 2019/12/09 v1.15 Implements pdfTeX's escape features (HO)
(c:/Users/benma/AppData/Roaming/TinyTeX/texmf-dist/tex/generic/ltxcmds/ltxcmds.sty
Package: ltxcmds 2023-12-04 v1.26 LaTeX kernel commands for general use (HO)
) (c:/Users/benma/AppData/Roaming/TinyTeX/texmf-dist/tex/generic/pdftexcmds/pdftexcmds.sty
Package: pdftexcmds 2020-06-27 v0.33 Utility functions of pdfTeX for LuaTeX (HO)
(c:/Users/benma/AppData/Roaming/TinyTeX/texmf-dist/tex/generic/infwarerr/infwarerr.sty
Package: infwarerr 2019/12/03 v1.5 Providing info/warning/error messages (HO)
)
Package pdftexcmds Info: \pdf@primitive is available.
Package pdftexcmds Info: \pdf@ifprimitive is available.
Package pdftexcmds Info: \pdfdraftmode found.
)) (c:/Users/benma/AppData/Roaming/TinyTeX/texmf-dist/tex/latex/hycolor/hycolor.sty
Package: hycolor 2020-01-27 v1.10 Color options for hyperref/bookmark (HO)
) (c:/Users/benma/AppData/Roaming/TinyTeX/texmf-dist/tex/latex/hyperref/nameref.sty
Package: nameref 2023-11-26 v2.56 Cross-referencing by name of section
(c:/Users/benma/AppData/Roaming/TinyTeX/texmf-dist/tex/latex/refcount/refcount.sty
Package: refcount 2019/12/15 v3.6 Data extraction from label references (HO)
) (c:/Users/benma/AppData/Roaming/TinyTeX/texmf-dist/tex/generic/gettitlestring/gettitlestring.sty
Package: gettitlestring 2019/12/15 v1.6 Cleanup title references (HO)
(c:/Users/benma/AppData/Roaming/TinyTeX/texmf-dist/tex/latex/kvoptions/kvoptions.sty
Package: kvoptions 2022-06-15 v3.15 Key value format for package options (HO)
))
\c@section@level=\count297
) (c:/Users/benma/AppData/Roaming/TinyTeX/texmf-dist/tex/generic/stringenc/stringenc.sty
Package: stringenc 2019/11/29 v1.12 Convert strings between diff. encodings (HO)
)
\@linkdim=\dimen166
\Hy@linkcounter=\count298
\Hy@pagecounter=\count299
(c:/Users/benma/AppData/Roaming/TinyTeX/texmf-dist/tex/latex/hyperref/pd1enc.def
File: pd1enc.def 2024-07-10 v7.01j Hyperref: PDFDocEncoding definition (HO)
Now handling font encoding PD1 ...
... no UTF-8 mapping file for font encoding PD1
) (c:/Users/benma/AppData/Roaming/TinyTeX/texmf-dist/tex/generic/intcalc/intcalc.sty
Package: intcalc 2019/12/15 v1.3 Expandable calculations with integers (HO)
)
\Hy@SavedSpaceFactor=\count300
(c:/Users/benma/AppData/Roaming/TinyTeX/texmf-dist/tex/latex/hyperref/puenc.def
File: puenc.def 2024-07-10 v7.01j Hyperref: PDF Unicode definition (HO)
Now handling font encoding PU ...
... no UTF-8 mapping file for font encoding PU
)
Package hyperref Info: Hyper figures OFF on input line 4157.
Package hyperref Info: Link nesting OFF on input line 4162.
Package hyperref Info: Hyper index ON on input line 4165.
Package hyperref Info: Plain pages OFF on input line 4172.
Package hyperref Info: Backreferencing OFF on input line 4177.
Package hyperref Info: Implicit mode ON; LaTeX internals redefined.
Package hyperref Info: Bookmarks ON on input line 4424.
\c@Hy@tempcnt=\count301
(c:/Users/benma/AppData/Roaming/TinyTeX/texmf-dist/tex/latex/url/url.sty
\Urlmuskip=\muskip18
Package: url 2013/09/16  ver 3.4  Verb mode for urls, etc.
)
LaTeX Info: Redefining \url on input line 4763.
\XeTeXLinkMargin=\dimen167
(c:/Users/benma/AppData/Roaming/TinyTeX/texmf-dist/tex/generic/bitset/bitset.sty
Package: bitset 2019/12/09 v1.3 Handle bit-vector datatype (HO)
(c:/Users/benma/AppData/Roaming/TinyTeX/texmf-dist/tex/generic/bigintcalc/bigintcalc.sty
Package: bigintcalc 2019/12/15 v1.5 Expandable calculations on big integers (HO)
))
\Fld@menulength=\count302
\Field@Width=\dimen168
\Fld@charsize=\dimen169
Package hyperref Info: Hyper figures OFF on input line 6042.
Package hyperref Info: Link nesting OFF on input line 6047.
Package hyperref Info: Hyper index ON on input line 6050.
Package hyperref Info: backreferencing OFF on input line 6057.
Package hyperref Info: Link coloring OFF on input line 6062.
Package hyperref Info: Link coloring with OCG OFF on input line 6067.
Package hyperref Info: PDF/A mode OFF on input line 6072.
(c:/Users/benma/AppData/Roaming/TinyTeX/texmf-dist/tex/latex/base/atbegshi-ltx.sty
Package: atbegshi-ltx 2021/01/10 v1.0c Emulation of the original atbegshi
package with kernel methods
)
\Hy@abspage=\count303
\c@Item=\count304
\c@Hfootnote=\count305
)
Package hyperref Info: Driver (autodetected): hpdftex.
(c:/Users/benma/AppData/Roaming/TinyTeX/texmf-dist/tex/latex/hyperref/hpdftex.def
File: hpdftex.def 2024-07-10 v7.01j Hyperref driver for pdfTeX
(c:/Users/benma/AppData/Roaming/TinyTeX/texmf-dist/tex/latex/base/atveryend-ltx.sty
Package: atveryend-ltx 2020/08/19 v1.0a Emulation of the original atveryend package
with kernel methods
)
\Fld@listcount=\count306
\c@bookmark@seq@number=\count307
(c:/Users/benma/AppData/Roaming/TinyTeX/texmf-dist/tex/latex/rerunfilecheck/rerunfilecheck.sty
Package: rerunfilecheck 2022-07-10 v1.10 Rerun checks for auxiliary files (HO)
(c:/Users/benma/AppData/Roaming/TinyTeX/texmf-dist/tex/generic/uniquecounter/uniquecounter.sty
Package: uniquecounter 2019/12/15 v1.4 Provide unlimited unique counter (HO)
)
Package uniquecounter Info: New unique counter `rerunfilecheck' on input line 285.
)
\Hy@SectionHShift=\skip71
) (c:/Users/benma/AppData/Roaming/TinyTeX/texmf-dist/tex/latex/geometry/geometry.sty
Package: geometry 2020/01/02 v5.9 Page Geometry
(c:/Users/benma/AppData/Roaming/TinyTeX/texmf-dist/tex/generic/iftex/ifvtex.sty
Package: ifvtex 2019/10/25 v1.7 ifvtex legacy package. Use iftex instead.
)
\Gm@cnth=\count308
\Gm@cntv=\count309
\c@Gm@tempcnt=\count310
\Gm@bindingoffset=\dimen170
\Gm@wd@mp=\dimen171
\Gm@odd@mp=\dimen172
\Gm@even@mp=\dimen173
\Gm@layoutwidth=\dimen174
\Gm@layoutheight=\dimen175
\Gm@layouthoffset=\dimen176
\Gm@layoutvoffset=\dimen177
\Gm@dimlist=\toks28
) (c:/Users/benma/AppData/Roaming/TinyTeX/texmf-dist/tex/latex/titlesec/titlesec.sty
Package: titlesec 2023/10/27 v2.16 Sectioning titles
\ttl@box=\box56
\beforetitleunit=\skip72
\aftertitleunit=\skip73
\ttl@plus=\dimen178
\ttl@minus=\dimen179
\ttl@toksa=\toks29
\titlewidth=\dimen180
\titlewidthlast=\dimen181
\titlewidthfirst=\dimen182
)
Package hyperref Info: Option `colorlinks' set `true' on input line 132.
)
\cslhangindent=\skip74
\csllabelwidth=\skip75
LaTeX Info: Redefining \oldstylenums on input line 56.
LaTeX Font Info:    Trying to load font information for T1+XCharter-TLF on input line 56.
(c:/Users/benma/AppData/Roaming/TinyTeX/texmf-dist/tex/latex/xcharter/T1XCharter-TLF.fd
File: T1XCharter-TLF.fd 2017/06/25 (autoinst) Font definitions for T1/XCharter-TLF.
)
LaTeX Font Info:    Font shape `T1/XCharter-TLF/m/n' will be
(Font)              scaled to size 10.0pt on input line 56.
(c:/Users/benma/AppData/Roaming/TinyTeX/texmf-dist/tex/latex/l3backend/l3backend-pdftex.def
File: l3backend-pdftex.def 2024-05-08 L3 backend support: PDF output (pdfTeX)
\l__color_backend_stack_int=\count311
\l__pdf_internal_box=\box57
) (./multiverseSnakesManuscript.aux)
\openout1 = `multiverseSnakesManuscript.aux'.

LaTeX Font Info:    Checking defaults for OML/cmm/m/it on input line 56.
LaTeX Font Info:    ... okay on input line 56.
LaTeX Font Info:    Checking defaults for OMS/cmsy/m/n on input line 56.
LaTeX Font Info:    ... okay on input line 56.
LaTeX Font Info:    Checking defaults for OT1/cmr/m/n on input line 56.
LaTeX Font Info:    ... okay on input line 56.
LaTeX Font Info:    Checking defaults for T1/cmr/m/n on input line 56.
LaTeX Font Info:    ... okay on input line 56.
LaTeX Font Info:    Checking defaults for TS1/cmr/m/n on input line 56.
LaTeX Font Info:    ... okay on input line 56.
LaTeX Font Info:    Checking defaults for OMX/cmex/m/n on input line 56.
LaTeX Font Info:    ... okay on input line 56.
LaTeX Font Info:    Checking defaults for U/cmr/m/n on input line 56.
LaTeX Font Info:    ... okay on input line 56.
LaTeX Font Info:    Checking defaults for PD1/pdf/m/n on input line 56.
LaTeX Font Info:    ... okay on input line 56.
LaTeX Font Info:    Checking defaults for PU/pdf/m/n on input line 56.
LaTeX Font Info:    ... okay on input line 56.
\c@mv@tabular=\count312
\c@mv@boldtabular=\count313
(c:/Users/benma/AppData/Roaming/TinyTeX/texmf-dist/tex/latex/epstopdf-pkg/epstopdf-base.sty
Package: epstopdf-base 2020-01-24 v2.11 Base part for package epstopdf
Package epstopdf-base Info: Redefining graphics rule for `.eps' on input line 485.
(c:/Users/benma/AppData/Roaming/TinyTeX/texmf-dist/tex/latex/latexconfig/epstopdf-sys.cfg
File: epstopdf-sys.cfg 2010/07/13 v1.3 Configuration of (r)epstopdf for TeX Live
))
Package caption Info: Begin \AtBeginDocument code.
Package caption Info: hyperref package is loaded.
Package caption Info: End \AtBeginDocument code.
Package hyperref Info: Link coloring ON on input line 56.
(./multiverseSnakesManuscript.out) (./multiverseSnakesManuscript.out)
\@outlinefile=\write3
\openout3 = `multiverseSnakesManuscript.out'.

*geometry* driver: auto-detecting
*geometry* detected driver: pdftex
*geometry* verbose mode - [ preamble ] result:
* driver: pdftex
* paper: a4paper
* layout: <same size as paper>
* layoutoffset:(h,v)=(0.0pt,0.0pt)
* modes: 
* h-part:(L,W,R)=(51.21504pt, 495.07779pt, 51.21504pt)
* v-part:(T,H,B)=(62.59596pt, 719.85492pt, 62.59596pt)
* \paperwidth=597.50787pt
* \paperheight=845.04684pt
* \textwidth=495.07779pt
* \textheight=719.85492pt
* \oddsidemargin=-21.05495pt
* \evensidemargin=-21.05495pt
* \topmargin=-46.67403pt
* \headheight=16.5pt
* \headsep=25.0pt
* \topskip=10.0pt
* \footskip=30.0pt
* \marginparwidth=57.0pt
* \marginparsep=11.0pt
* \columnsep=18.06749pt
* \skip\footins=9.0pt plus 4.0pt minus 2.0pt
* \hoffset=0.0pt
* \voffset=0.0pt
* \mag=1000
* \@twocolumnfalse
* \@twosidefalse
* \@mparswitchfalse
* \@reversemarginfalse
* (1in=72.27pt=25.4mm, 1cm=28.453pt)

LaTeX Font Info:    Trying to load font information for OT1+phv on input line 68.
(c:/Users/benma/AppData/Roaming/TinyTeX/texmf-dist/tex/latex/psnfss/ot1phv.fd
File: ot1phv.fd 2020/03/25 scalable font definitions for OT1/phv.
)
LaTeX Font Info:    Calculating math sizes for size <14> on input line 68.
LaTeX Font Info:    Font shape `T1/XCharter-TLF/m/n' will be
(Font)              scaled to size 9.79996pt on input line 68.
LaTeX Font Info:    Font shape `T1/XCharter-TLF/m/n' will be
(Font)              scaled to size 7.0pt on input line 68.
LaTeX Font Info:    Font shape `OT1/cmtt/bx/n' in size <10> not available
(Font)              Font shape `OT1/cmtt/m/n' tried instead on input line 68.
LaTeX Font Info:    Font shape `T1/XCharter-TLF/m/n' will be
(Font)              scaled to size 12.0pt on input line 76.


LaTeX Font Info:    Font shape `T1/XCharter-TLF/m/sc' will be
(Font)              scaled to size 10.0pt on input line 80.
<PDFheaderImage.png, id=122, 200.4288pt x 29.8716pt>
File: PDFheaderImage.png Graphic file (type png)
<use PDFheaderImage.png>
Package pdftex.def Info: PDFheaderImage.png  used on input line 80.
(pdftex.def)             Requested size: 80.51567pt x 12.0pt.
LaTeX Font Info:    Font shape `T1/XCharter-TLF/m/n' will be
(Font)              scaled to size 8.0pt on input line 80.
[1{c:/Users/benma/AppData/Roaming/TinyTeX/texmf-var/fonts/map/pdftex/updmap/pdftex.map}{c:/Users/benma/AppData/Roaming/TinyTeX/texmf-dist/fonts/enc/dvips/xcharter/xch_rydp4l.enc}

{c:/Users/benma/AppData/Roaming/TinyTeX/texmf-dist/fonts/enc/dvips/base/8r.enc} <./PDFheaderImage.png>]

File: PDFheaderImage.png Graphic file (type png)
<use PDFheaderImage.png>
Package pdftex.def Info: PDFheaderImage.png  used on input line 124.
(pdftex.def)             Requested size: 80.51567pt x 12.0pt.
[2

]

LaTeX Font Warning: Font shape `OT1/phv/n/n' undefined
(Font)              using `OT1/phv/m/n' instead on input line 127.

LaTeX Font Info:    Font shape `T1/XCharter-TLF/m/it' will be
(Font)              scaled to size 10.0pt on input line 146.
LaTeX Font Info:    Trying to load font information for TS1+XCharter-TLF on input line 146.
(c:/Users/benma/AppData/Roaming/TinyTeX/texmf-dist/tex/latex/xcharter/TS1XCharter-TLF.fd
File: TS1XCharter-TLF.fd 2020/05/25 (msharpe) Font definitions for TS1/XCharter-TLF.
)
LaTeX Font Info:    Font shape `TS1/XCharter-TLF/m/n' will be
(Font)              scaled to size 10.0pt on input line 146.


File: PDFheaderImage.png Graphic file (type png)
<use PDFheaderImage.png>
Package pdftex.def Info: PDFheaderImage.png  used on input line 173.
(pdftex.def)             Requested size: 80.51567pt x 12.0pt.
[3{c:/Users/benma/AppData/Roaming/TinyTeX/texmf-dist/fonts/enc/dvips/xcharter/xch1_co4ru4.enc}]
LaTeX Font Info:    Font shape `T1/XCharter-TLF/b/n' will be
(Font)              scaled to size 10.0pt on input line 189.

LaTeX Warning: Citation `ref-kuch_notes_2001' on page 4 undefined on input line 189.



File: PDFheaderImage.png Graphic file (type png)
<use PDFheaderImage.png>
Package pdftex.def Info: PDFheaderImage.png  used on input line 223.
(pdftex.def)             Requested size: 80.51567pt x 12.0pt.
[4]
LaTeX Font Info:    Trying to load font information for T1+cmtt on input line 225.
(c:/Users/benma/AppData/Roaming/TinyTeX/texmf-dist/tex/latex/base/t1cmtt.fd
File: t1cmtt.fd 2023/04/13 v2.5m Standard LaTeX font definitions
)

File: PDFheaderImage.png Graphic file (type png)
<use PDFheaderImage.png>
Package pdftex.def Info: PDFheaderImage.png  used on input line 289.
(pdftex.def)             Requested size: 80.51567pt x 12.0pt.
[5]

LaTeX Warning: Citation `ref-targets' on page 6 undefined on input line 294.


LaTeX Warning: Citation `ref-tarchetypes' on page 6 undefined on input line 294.


LaTeX Warning: Citation `ref-brms' on page 6 undefined on input line 308.



File: PDFheaderImage.png Graphic file (type png)
<use PDFheaderImage.png>
Package pdftex.def Info: PDFheaderImage.png  used on input line 327.
(pdftex.def)             Requested size: 80.51567pt x 12.0pt.
[6]
<../../figures/specCurve_area.pdf, id=314, 1023.825pt x 795.97375pt>
File: ../../figures/specCurve_area.pdf Graphic file (type pdf)
<use ../../figures/specCurve_area.pdf>
Package pdftex.def Info: ../../figures/specCurve_area.pdf  used on input line 339.
(pdftex.def)             Requested size: 495.07779pt x 384.89297pt.


File: PDFheaderImage.png Graphic file (type png)
<use PDFheaderImage.png>
Package pdftex.def Info: PDFheaderImage.png  used on input line 350.
(pdftex.def)             Requested size: 80.51567pt x 12.0pt.
[7 <../../figures/specCurve_area.pdf>]
<../../figures/specCurve_rsf.pdf, id=342, 1023.825pt x 795.97375pt>
File: ../../figures/specCurve_rsf.pdf Graphic file (type pdf)
<use ../../figures/specCurve_rsf.pdf>
Package pdftex.def Info: ../../figures/specCurve_rsf.pdf  used on input line 352.
(pdftex.def)             Requested size: 495.07779pt x 384.89297pt.


File: PDFheaderImage.png Graphic file (type png)
<use PDFheaderImage.png>
Package pdftex.def Info: PDFheaderImage.png  used on input line 362.
(pdftex.def)             Requested size: 80.51567pt x 12.0pt.
[8 <../../figures/specCurve_rsf.pdf>]
<../../figures/specCurve_twoStep.pdf, id=366, 1023.825pt x 795.97375pt>
File: ../../figures/specCurve_twoStep.pdf Graphic file (type pdf)
<use ../../figures/specCurve_twoStep.pdf>
Package pdftex.def Info: ../../figures/specCurve_twoStep.pdf  used on input line 364.
(pdftex.def)             Requested size: 495.07779pt x 384.89297pt.
<../../figures/specCurve_ssf.pdf, id=370, 1023.825pt x 795.97375pt>
File: ../../figures/specCurve_ssf.pdf Graphic file (type pdf)
<use ../../figures/specCurve_ssf.pdf>
Package pdftex.def Info: ../../figures/specCurve_ssf.pdf  used on input line 379.
(pdftex.def)             Requested size: 495.07779pt x 384.89297pt.


File: PDFheaderImage.png Graphic file (type png)
<use PDFheaderImage.png>
Package pdftex.def Info: PDFheaderImage.png  used on input line 380.
(pdftex.def)             Requested size: 80.51567pt x 12.0pt.
[9 <../../figures/specCurve_twoStep.pdf>]
<../../figures/specCurve_pois.pdf, id=395, 1023.825pt x 795.97375pt>
File: ../../figures/specCurve_pois.pdf Graphic file (type pdf)
<use ../../figures/specCurve_pois.pdf>
Package pdftex.def Info: ../../figures/specCurve_pois.pdf  used on input line 395.
(pdftex.def)             Requested size: 495.07779pt x 384.89297pt.


File: PDFheaderImage.png Graphic file (type png)
<use PDFheaderImage.png>
Package pdftex.def Info: PDFheaderImage.png  used on input line 403.
(pdftex.def)             Requested size: 80.51567pt x 12.0pt.
[10 <../../figures/specCurve_ssf.pdf>]

File: PDFheaderImage.png Graphic file (type png)
<use PDFheaderImage.png>
Package pdftex.def Info: PDFheaderImage.png  used on input line 403.
(pdftex.def)             Requested size: 80.51567pt x 12.0pt.
[11 <../../figures/specCurve_pois.pdf>]
<../../figures/specCurve_wrsf.pdf, id=436, 597.23125pt x 341.275pt>
File: ../../figures/specCurve_wrsf.pdf Graphic file (type pdf)
<use ../../figures/specCurve_wrsf.pdf>
Package pdftex.def Info: ../../figures/specCurve_wrsf.pdf  used on input line 405.
(pdftex.def)             Requested size: 495.07779pt x 282.90407pt.
LaTeX Font Info:    Font shape `T1/XCharter-TLF/m/it' will be
(Font)              scaled to size 7.0pt on input line 410.
<../../figures/r2Plot.png, id=439, 625.8582pt x 540.5796pt>
File: ../../figures/r2Plot.png Graphic file (type png)
<use ../../figures/r2Plot.png>
Package pdftex.def Info: ../../figures/r2Plot.png  used on input line 418.
(pdftex.def)             Requested size: 495.07779pt x 427.62236pt.


File: PDFheaderImage.png Graphic file (type png)
<use PDFheaderImage.png>
Package pdftex.def Info: PDFheaderImage.png  used on input line 434.
(pdftex.def)             Requested size: 80.51567pt x 12.0pt.
[12 <../../figures/specCurve_wrsf.pdf>]

File: PDFheaderImage.png Graphic file (type png)
<use PDFheaderImage.png>
Package pdftex.def Info: PDFheaderImage.png  used on input line 434.
(pdftex.def)             Requested size: 80.51567pt x 12.0pt.
[13 <../../figures/r2Plot.png>]

File: PDFheaderImage.png Graphic file (type png)
<use PDFheaderImage.png>
Package pdftex.def Info: PDFheaderImage.png  used on input line 479.
(pdftex.def)             Requested size: 80.51567pt x 12.0pt.
[14]

LaTeX Warning: Citation `ref-base' on page 15 undefined on input line 496.


LaTeX Warning: Citation `ref-patchwork' on page 15 undefined on input line 501.


LaTeX Warning: Citation `ref-ggridges' on page 15 undefined on input line 501.


LaTeX Warning: Citation `ref-brms' on page 15 undefined on input line 503.


LaTeX Warning: Citation `ref-bayesplot' on page 15 undefined on input line 503.


LaTeX Warning: Citation `ref-performance' on page 15 undefined on input line 503.


LaTeX Warning: Citation `ref-sp' on page 15 undefined on input line 508.

LaTeX Font Info:    Font shape `TS1/XCharter-TLF/m/n' will be
(Font)              scaled to size 8.0pt on input line 584.
<../../figures/timeLagPlot.pdf, id=493, 511.9125pt x 426.59375pt>
File: ../../figures/timeLagPlot.pdf Graphic file (type pdf)
<use ../../figures/timeLagPlot.pdf>
Package pdftex.def Info: ../../figures/timeLagPlot.pdf  used on input line 588.
(pdftex.def)             Requested size: 495.07779pt x 412.56517pt.
<../../figures/timeLinePlot.pdf, id=494, 625.33624pt x 454.69875pt>
File: ../../figures/timeLinePlot.pdf Graphic file (type pdf)
<use ../../figures/timeLinePlot.pdf>
Package pdftex.def Info: ../../figures/timeLinePlot.pdf  used on input line 592.
(pdftex.def)             Requested size: 495.07779pt x 359.99208pt.
<../../figures/landscape_plot_OPHA_H1.pdf, id=495, 653.44125pt x 511.9125pt>
File: ../../figures/landscape_plot_OPHA_H1.pdf Graphic file (type pdf)
<use ../../figures/landscape_plot_OPHA_H1.pdf>
Package pdftex.def Info: ../../figures/landscape_plot_OPHA_H1.pdf  used on input line 598.
(pdftex.def)             Requested size: 495.07779pt x 387.84682pt.
<../../figures/landscape_plot_OPHA_H2.pdf, id=496, 653.44125pt x 511.9125pt>
File: ../../figures/landscape_plot_OPHA_H2.pdf Graphic file (type pdf)
<use ../../figures/landscape_plot_OPHA_H2.pdf>
Package pdftex.def Info: ../../figures/landscape_plot_OPHA_H2.pdf  used on input line 602.
(pdftex.def)             Requested size: 495.07779pt x 387.84682pt.
<../../figures/landscape_plot_PYBI_H1.pdf, id=497, 653.44125pt x 511.9125pt>
File: ../../figures/landscape_plot_PYBI_H1.pdf Graphic file (type pdf)
<use ../../figures/landscape_plot_PYBI_H1.pdf>
Package pdftex.def Info: ../../figures/landscape_plot_PYBI_H1.pdf  used on input line 606.
(pdftex.def)             Requested size: 495.07779pt x 387.84682pt.
<../../figures/landscape_plot_BUCA_H1.pdf, id=498, 653.44125pt x 511.9125pt>
File: ../../figures/landscape_plot_BUCA_H1.pdf Graphic file (type pdf)
<use ../../figures/landscape_plot_BUCA_H1.pdf>
Package pdftex.def Info: ../../figures/landscape_plot_BUCA_H1.pdf  used on input line 610.
(pdftex.def)             Requested size: 495.07779pt x 387.84682pt.
<../../figures/landscape_plot_BUFA_H1.pdf, id=499, 653.44125pt x 511.9125pt>
File: ../../figures/landscape_plot_BUFA_H1.pdf Graphic file (type pdf)
<use ../../figures/landscape_plot_BUFA_H1.pdf>
Package pdftex.def Info: ../../figures/landscape_plot_BUFA_H1.pdf  used on input line 614.
(pdftex.def)             Requested size: 495.07779pt x 387.84682pt.

LaTeX Font Warning: Font shape `OT1/phv/n/it' undefined
(Font)              using `OT1/phv/n/n' instead on input line 619.

<../../figures/specCurve_Ophiophagus hannah_area.pdf, id=500, 1023.825pt x 795.97375pt>
File: ../../figures/specCurve_Ophiophagus hannah_area.pdf Graphic file (type pdf)
<use ../../figures/specCurve_Ophiophagus hannah_area.pdf>
Package pdftex.def Info: ../../figures/specCurve_Ophiophagus hannah_area.pdf  used on input line 622.
(pdftex.def)             Requested size: 495.07779pt x 384.89297pt.
<../../figures/specCurve_Ophiophagus hannah_rsf.pdf, id=501, 1023.825pt x 795.97375pt>
File: ../../figures/specCurve_Ophiophagus hannah_rsf.pdf Graphic file (type pdf)
<use ../../figures/specCurve_Ophiophagus hannah_rsf.pdf>
Package pdftex.def Info: ../../figures/specCurve_Ophiophagus hannah_rsf.pdf  used on input line 626.
(pdftex.def)             Requested size: 495.07779pt x 384.89297pt.
<../../figures/specCurve_Ophiophagus hannah_twoStep.pdf, id=502, 1023.825pt x 795.97375pt>
File: ../../figures/specCurve_Ophiophagus hannah_twoStep.pdf Graphic file (type pdf)
<use ../../figures/specCurve_Ophiophagus hannah_twoStep.pdf>
Package pdftex.def Info: ../../figures/specCurve_Ophiophagus hannah_twoStep.pdf  used on input line 630.
(pdftex.def)             Requested size: 495.07779pt x 384.89297pt.
<../../figures/specCurve_Ophiophagus hannah_ssf.pdf, id=503, 1023.825pt x 795.97375pt>
File: ../../figures/specCurve_Ophiophagus hannah_ssf.pdf Graphic file (type pdf)
<use ../../figures/specCurve_Ophiophagus hannah_ssf.pdf>
Package pdftex.def Info: ../../figures/specCurve_Ophiophagus hannah_ssf.pdf  used on input line 634.
(pdftex.def)             Requested size: 495.07779pt x 384.89297pt.
<../../figures/specCurve_Ophiophagus hannah_pois.pdf, id=504, 1023.825pt x 795.97375pt>
File: ../../figures/specCurve_Ophiophagus hannah_pois.pdf Graphic file (type pdf)
<use ../../figures/specCurve_Ophiophagus hannah_pois.pdf>
Package pdftex.def Info: ../../figures/specCurve_Ophiophagus hannah_pois.pdf  used on input line 638.
(pdftex.def)             Requested size: 495.07779pt x 384.89297pt.
<../../figures/specCurve_Python bivittatus_area.pdf, id=505, 1023.825pt x 795.97375pt>
File: ../../figures/specCurve_Python bivittatus_area.pdf Graphic file (type pdf)
<use ../../figures/specCurve_Python bivittatus_area.pdf>
Package pdftex.def Info: ../../figures/specCurve_Python bivittatus_area.pdf  used on input line 644.
(pdftex.def)             Requested size: 495.07779pt x 384.89297pt.


File: PDFheaderImage.png Graphic file (type png)
<use PDFheaderImage.png>
Package pdftex.def Info: PDFheaderImage.png  used on input line 645.
(pdftex.def)             Requested size: 80.51567pt x 12.0pt.
[15]

File: PDFheaderImage.png Graphic file (type png)
<use PDFheaderImage.png>
Package pdftex.def Info: PDFheaderImage.png  used on input line 645.
(pdftex.def)             Requested size: 80.51567pt x 12.0pt.
[16 <../../figures/timeLagPlot.pdf>]

File: PDFheaderImage.png Graphic file (type png)
<use PDFheaderImage.png>
Package pdftex.def Info: PDFheaderImage.png  used on input line 645.
(pdftex.def)             Requested size: 80.51567pt x 12.0pt.
[17 <../../figures/timeLinePlot.pdf>]

File: PDFheaderImage.png Graphic file (type png)
<use PDFheaderImage.png>
Package pdftex.def Info: PDFheaderImage.png  used on input line 645.
(pdftex.def)             Requested size: 80.51567pt x 12.0pt.
[18 <../../figures/landscape_plot_OPHA_H1.pdf>]

File: PDFheaderImage.png Graphic file (type png)
<use PDFheaderImage.png>
Package pdftex.def Info: PDFheaderImage.png  used on input line 645.
(pdftex.def)             Requested size: 80.51567pt x 12.0pt.
[19 <../../figures/landscape_plot_OPHA_H2.pdf>]

File: PDFheaderImage.png Graphic file (type png)
<use PDFheaderImage.png>
Package pdftex.def Info: PDFheaderImage.png  used on input line 645.
(pdftex.def)             Requested size: 80.51567pt x 12.0pt.
[20 <../../figures/landscape_plot_PYBI_H1.pdf>]

File: PDFheaderImage.png Graphic file (type png)
<use PDFheaderImage.png>
Package pdftex.def Info: PDFheaderImage.png  used on input line 645.
(pdftex.def)             Requested size: 80.51567pt x 12.0pt.
[21 <../../figures/landscape_plot_BUCA_H1.pdf>]

File: PDFheaderImage.png Graphic file (type png)
<use PDFheaderImage.png>
Package pdftex.def Info: PDFheaderImage.png  used on input line 645.
(pdftex.def)             Requested size: 80.51567pt x 12.0pt.
[22 <../../figures/landscape_plot_BUFA_H1.pdf>]

File: PDFheaderImage.png Graphic file (type png)
<use PDFheaderImage.png>
Package pdftex.def Info: PDFheaderImage.png  used on input line 645.
(pdftex.def)             Requested size: 80.51567pt x 12.0pt.
[23 <../../figures/specCurve_Ophiophagus hannah_area.pdf>]

File: PDFheaderImage.png Graphic file (type png)
<use PDFheaderImage.png>
Package pdftex.def Info: PDFheaderImage.png  used on input line 645.
(pdftex.def)             Requested size: 80.51567pt x 12.0pt.
[24 <../../figures/specCurve_Ophiophagus hannah_rsf.pdf>]

File: PDFheaderImage.png Graphic file (type png)
<use PDFheaderImage.png>
Package pdftex.def Info: PDFheaderImage.png  used on input line 645.
(pdftex.def)             Requested size: 80.51567pt x 12.0pt.
[25 <../../figures/specCurve_Ophiophagus hannah_twoStep.pdf>]

File: PDFheaderImage.png Graphic file (type png)
<use PDFheaderImage.png>
Package pdftex.def Info: PDFheaderImage.png  used on input line 645.
(pdftex.def)             Requested size: 80.51567pt x 12.0pt.
[26 <../../figures/specCurve_Ophiophagus hannah_ssf.pdf>]

File: PDFheaderImage.png Graphic file (type png)
<use PDFheaderImage.png>
Package pdftex.def Info: PDFheaderImage.png  used on input line 645.
(pdftex.def)             Requested size: 80.51567pt x 12.0pt.
[27 <../../figures/specCurve_Ophiophagus hannah_pois.pdf>]
<../../figures/specCurve_Python bivittatus_rsf.pdf, id=761, 1023.825pt x 795.97375pt>
File: ../../figures/specCurve_Python bivittatus_rsf.pdf Graphic file (type pdf)
<use ../../figures/specCurve_Python bivittatus_rsf.pdf>
Package pdftex.def Info: ../../figures/specCurve_Python bivittatus_rsf.pdf  used on input line 648.
(pdftex.def)             Requested size: 495.07779pt x 384.89297pt.
<../../figures/specCurve_Python bivittatus_twoStep.pdf, id=762, 1023.825pt x 795.97375pt>
File: ../../figures/specCurve_Python bivittatus_twoStep.pdf Graphic file (type pdf)
<use ../../figures/specCurve_Python bivittatus_twoStep.pdf>
Package pdftex.def Info: ../../figures/specCurve_Python bivittatus_twoStep.pdf  used on input line 652.
(pdftex.def)             Requested size: 495.07779pt x 384.89297pt.
<../../figures/specCurve_Python bivittatus_ssf.pdf, id=763, 1023.825pt x 795.97375pt>
File: ../../figures/specCurve_Python bivittatus_ssf.pdf Graphic file (type pdf)
<use ../../figures/specCurve_Python bivittatus_ssf.pdf>
Package pdftex.def Info: ../../figures/specCurve_Python bivittatus_ssf.pdf  used on input line 656.
(pdftex.def)             Requested size: 495.07779pt x 384.89297pt.
<../../figures/specCurve_Python bivittatus_pois.pdf, id=764, 1023.825pt x 795.97375pt>
File: ../../figures/specCurve_Python bivittatus_pois.pdf Graphic file (type pdf)
<use ../../figures/specCurve_Python bivittatus_pois.pdf>
Package pdftex.def Info: ../../figures/specCurve_Python bivittatus_pois.pdf  used on input line 660.
(pdftex.def)             Requested size: 495.07779pt x 384.89297pt.
<../../figures/specCurve_Bungarus candidus_area.pdf, id=765, 1023.825pt x 795.97375pt>
File: ../../figures/specCurve_Bungarus candidus_area.pdf Graphic file (type pdf)
<use ../../figures/specCurve_Bungarus candidus_area.pdf>
Package pdftex.def Info: ../../figures/specCurve_Bungarus candidus_area.pdf  used on input line 666.
(pdftex.def)             Requested size: 495.07779pt x 384.89297pt.
<../../figures/specCurve_Bungarus candidus_rsf.pdf, id=766, 1023.825pt x 795.97375pt>
File: ../../figures/specCurve_Bungarus candidus_rsf.pdf Graphic file (type pdf)
<use ../../figures/specCurve_Bungarus candidus_rsf.pdf>
Package pdftex.def Info: ../../figures/specCurve_Bungarus candidus_rsf.pdf  used on input line 670.
(pdftex.def)             Requested size: 495.07779pt x 384.89297pt.
<../../figures/specCurve_Bungarus candidus_twoStep.pdf, id=767, 1023.825pt x 795.97375pt>
File: ../../figures/specCurve_Bungarus candidus_twoStep.pdf Graphic file (type pdf)
<use ../../figures/specCurve_Bungarus candidus_twoStep.pdf>
Package pdftex.def Info: ../../figures/specCurve_Bungarus candidus_twoStep.pdf  used on input line 674.
(pdftex.def)             Requested size: 495.07779pt x 384.89297pt.
<../../figures/specCurve_Bungarus candidus_ssf.pdf, id=768, 1023.825pt x 795.97375pt>
File: ../../figures/specCurve_Bungarus candidus_ssf.pdf Graphic file (type pdf)
<use ../../figures/specCurve_Bungarus candidus_ssf.pdf>
Package pdftex.def Info: ../../figures/specCurve_Bungarus candidus_ssf.pdf  used on input line 678.
(pdftex.def)             Requested size: 495.07779pt x 384.89297pt.
<../../figures/specCurve_Bungarus candidus_pois.pdf, id=769, 1023.825pt x 795.97375pt>
File: ../../figures/specCurve_Bungarus candidus_pois.pdf Graphic file (type pdf)
<use ../../figures/specCurve_Bungarus candidus_pois.pdf>
Package pdftex.def Info: ../../figures/specCurve_Bungarus candidus_pois.pdf  used on input line 682.
(pdftex.def)             Requested size: 495.07779pt x 384.89297pt.
<../../figures/specCurve_Bungarus fasciatus_area.pdf, id=770, 1023.825pt x 795.97375pt>
File: ../../figures/specCurve_Bungarus fasciatus_area.pdf Graphic file (type pdf)
<use ../../figures/specCurve_Bungarus fasciatus_area.pdf>
Package pdftex.def Info: ../../figures/specCurve_Bungarus fasciatus_area.pdf  used on input line 688.
(pdftex.def)             Requested size: 495.07779pt x 384.89297pt.
<../../figures/specCurve_Bungarus fasciatus_rsf.pdf, id=771, 1023.825pt x 795.97375pt>
File: ../../figures/specCurve_Bungarus fasciatus_rsf.pdf Graphic file (type pdf)
<use ../../figures/specCurve_Bungarus fasciatus_rsf.pdf>
Package pdftex.def Info: ../../figures/specCurve_Bungarus fasciatus_rsf.pdf  used on input line 692.
(pdftex.def)             Requested size: 495.07779pt x 384.89297pt.
<../../figures/specCurve_Bungarus fasciatus_twoStep.pdf, id=772, 1023.825pt x 795.97375pt>
File: ../../figures/specCurve_Bungarus fasciatus_twoStep.pdf Graphic file (type pdf)
<use ../../figures/specCurve_Bungarus fasciatus_twoStep.pdf>
Package pdftex.def Info: ../../figures/specCurve_Bungarus fasciatus_twoStep.pdf  used on input line 696.
(pdftex.def)             Requested size: 495.07779pt x 384.89297pt.
<../../figures/specCurve_Bungarus fasciatus_ssf.pdf, id=773, 1023.825pt x 795.97375pt>
File: ../../figures/specCurve_Bungarus fasciatus_ssf.pdf Graphic file (type pdf)
<use ../../figures/specCurve_Bungarus fasciatus_ssf.pdf>
Package pdftex.def Info: ../../figures/specCurve_Bungarus fasciatus_ssf.pdf  used on input line 700.
(pdftex.def)             Requested size: 495.07779pt x 384.89297pt.
<../../figures/specCurve_Bungarus fasciatus_pois.pdf, id=774, 1023.825pt x 795.97375pt>
File: ../../figures/specCurve_Bungarus fasciatus_pois.pdf Graphic file (type pdf)
<use ../../figures/specCurve_Bungarus fasciatus_pois.pdf>
Package pdftex.def Info: ../../figures/specCurve_Bungarus fasciatus_pois.pdf  used on input line 704.
(pdftex.def)             Requested size: 495.07779pt x 384.89297pt.


File: PDFheaderImage.png Graphic file (type png)
<use PDFheaderImage.png>
Package pdftex.def Info: PDFheaderImage.png  used on input line 744.
(pdftex.def)             Requested size: 80.51567pt x 12.0pt.
[28]

File: PDFheaderImage.png Graphic file (type png)
<use PDFheaderImage.png>
Package pdftex.def Info: PDFheaderImage.png  used on input line 744.
(pdftex.def)             Requested size: 80.51567pt x 12.0pt.
[29 <../../figures/specCurve_Python bivittatus_area.pdf>]

File: PDFheaderImage.png Graphic file (type png)
<use PDFheaderImage.png>
Package pdftex.def Info: PDFheaderImage.png  used on input line 744.
(pdftex.def)             Requested size: 80.51567pt x 12.0pt.
[30 <../../figures/specCurve_Python bivittatus_rsf.pdf>]

File: PDFheaderImage.png Graphic file (type png)
<use PDFheaderImage.png>
Package pdftex.def Info: PDFheaderImage.png  used on input line 744.
(pdftex.def)             Requested size: 80.51567pt x 12.0pt.
[31 <../../figures/specCurve_Python bivittatus_twoStep.pdf>]

File: PDFheaderImage.png Graphic file (type png)
<use PDFheaderImage.png>
Package pdftex.def Info: PDFheaderImage.png  used on input line 744.
(pdftex.def)             Requested size: 80.51567pt x 12.0pt.
[32 <../../figures/specCurve_Python bivittatus_ssf.pdf>]

File: PDFheaderImage.png Graphic file (type png)
<use PDFheaderImage.png>
Package pdftex.def Info: PDFheaderImage.png  used on input line 744.
(pdftex.def)             Requested size: 80.51567pt x 12.0pt.
[33 <../../figures/specCurve_Python bivittatus_pois.pdf>]

File: PDFheaderImage.png Graphic file (type png)
<use PDFheaderImage.png>
Package pdftex.def Info: PDFheaderImage.png  used on input line 744.
(pdftex.def)             Requested size: 80.51567pt x 12.0pt.
[34 <../../figures/specCurve_Bungarus candidus_area.pdf>]

File: PDFheaderImage.png Graphic file (type png)
<use PDFheaderImage.png>
Package pdftex.def Info: PDFheaderImage.png  used on input line 744.
(pdftex.def)             Requested size: 80.51567pt x 12.0pt.
[35 <../../figures/specCurve_Bungarus candidus_rsf.pdf>]

File: PDFheaderImage.png Graphic file (type png)
<use PDFheaderImage.png>
Package pdftex.def Info: PDFheaderImage.png  used on input line 744.
(pdftex.def)             Requested size: 80.51567pt x 12.0pt.
[36 <../../figures/specCurve_Bungarus candidus_twoStep.pdf>]

File: PDFheaderImage.png Graphic file (type png)
<use PDFheaderImage.png>
Package pdftex.def Info: PDFheaderImage.png  used on input line 744.
(pdftex.def)             Requested size: 80.51567pt x 12.0pt.
[37 <../../figures/specCurve_Bungarus candidus_ssf.pdf>]

File: PDFheaderImage.png Graphic file (type png)
<use PDFheaderImage.png>
Package pdftex.def Info: PDFheaderImage.png  used on input line 744.
(pdftex.def)             Requested size: 80.51567pt x 12.0pt.
[38 <../../figures/specCurve_Bungarus candidus_pois.pdf>]

File: PDFheaderImage.png Graphic file (type png)
<use PDFheaderImage.png>
Package pdftex.def Info: PDFheaderImage.png  used on input line 744.
(pdftex.def)             Requested size: 80.51567pt x 12.0pt.
[39 <../../figures/specCurve_Bungarus fasciatus_area.pdf>]

File: PDFheaderImage.png Graphic file (type png)
<use PDFheaderImage.png>
Package pdftex.def Info: PDFheaderImage.png  used on input line 744.
(pdftex.def)             Requested size: 80.51567pt x 12.0pt.
[40 <../../figures/specCurve_Bungarus fasciatus_rsf.pdf>]

File: PDFheaderImage.png Graphic file (type png)
<use PDFheaderImage.png>
Package pdftex.def Info: PDFheaderImage.png  used on input line 744.
(pdftex.def)             Requested size: 80.51567pt x 12.0pt.
[41 <../../figures/specCurve_Bungarus fasciatus_twoStep.pdf>]

File: PDFheaderImage.png Graphic file (type png)
<use PDFheaderImage.png>
Package pdftex.def Info: PDFheaderImage.png  used on input line 744.
(pdftex.def)             Requested size: 80.51567pt x 12.0pt.
[42 <../../figures/specCurve_Bungarus fasciatus_ssf.pdf>]

File: PDFheaderImage.png Graphic file (type png)
<use PDFheaderImage.png>
Package pdftex.def Info: PDFheaderImage.png  used on input line 744.
(pdftex.def)             Requested size: 80.51567pt x 12.0pt.
[43 <../../figures/specCurve_Bungarus fasciatus_pois.pdf>]

File: PDFheaderImage.png Graphic file (type png)
<use PDFheaderImage.png>
Package pdftex.def Info: PDFheaderImage.png  used on input line 786.
(pdftex.def)             Requested size: 80.51567pt x 12.0pt.
[44]
Overfull \hbox (18.29172pt too wide) in paragraph at lines 788--789
[]\T1/XCharter-TLF/m/n/10 Kelly CD. 2019. Rate and suc-cess of study repli-ca-tion in ecol-ogy and evo-lu-tion. \T1/XCharter-TLF/m/it/10 PeerJ \T1/XCharter-TLF/m/n/10 7:e7654. DOI: [][]10.7717/peerj.7654[][]. 
 []


Overfull \hbox (9.61296pt too wide) in paragraph at lines 851--852
\T1/XCharter-TLF/m/n/10 sponse to Al-lopatric Mob-bing Calls. \T1/XCharter-TLF/m/it/10 An-i-mal Be-hav-ior and Cog-ni-tion \T1/XCharter-TLF/m/n/10 8:152--165. DOI: [][]10.26451/abc.08.02.05.2021[][]. 
 []



File: PDFheaderImage.png Graphic file (type png)
<use PDFheaderImage.png>
Package pdftex.def Info: PDFheaderImage.png  used on input line 858.
(pdftex.def)             Requested size: 80.51567pt x 12.0pt.
[45]

File: PDFheaderImage.png Graphic file (type png)
<use PDFheaderImage.png>
Package pdftex.def Info: PDFheaderImage.png  used on input line 924.
(pdftex.def)             Requested size: 80.51567pt x 12.0pt.
[46] 
enddocument/afterlastpage: lastpage setting LastPage.
(./multiverseSnakesManuscript.aux)
 ***********
LaTeX2e <2024-06-01>
L3 programming layer <2024-05-27>
 ***********

LaTeX Font Warning: Some font shapes were not available, defaults substituted.


LaTeX Warning: There were undefined references.

Package rerunfilecheck Info: File `multiverseSnakesManuscript.out' has not changed.
(rerunfilecheck)             Checksum: 8E1E8194FCDC8A358AABC86088F250BD;4730.
 ) 
Here is how much of TeX's memory you used:
 15347 strings out of 475517
 264308 string characters out of 5775029
 2021894 words of memory out of 5000000
 37542 multiletter control sequences out of 15000+600000
 634254 words of font info for 87 fonts, out of 8000000 for 9000
 36 hyphenation exceptions out of 8191
 90i,16n,131p,3093b,593s stack positions out of 10000i,1000n,20000p,200000b,200000s
 <c:/Users/benma/AppData/Roaming/TinyTeX/texmf-var/fonts/pk/ljfour/jknappen/ec/ectt1000.600pk><c:/Users/benma/AppData/Roaming/TinyTeX/texmf-dist/fonts/type1/public/xcharter/XCharter-Bold.pfb><c:/Users/benma/AppData/Roaming/TinyTeX/texmf-dist/fonts/type1/public/xcharter/XCharter-Italic.pfb><c:/Users/benma/AppData/Roaming/TinyTeX/texmf-dist/fonts/type1/public/xcharter/XCharter-Roman.pfb><c:/Users/benma/AppData/Roaming/TinyTeX/texmf-dist/fonts/type1/public/amsfonts/cm/cmmi10.pfb><c:/Users/benma/AppData/Roaming/TinyTeX/texmf-dist/fonts/type1/public/amsfonts/cm/cmtt10.pfb><c:/Users/benma/AppData/Roaming/TinyTeX/texmf-dist/fonts/type1/urw/helvetic/uhvb8a.pfb><c:/Users/benma/AppData/Roaming/TinyTeX/texmf-dist/fonts/type1/urw/helvetic/uhvr8a.pfb>
Output written on multiverseSnakesManuscript.pdf (46 pages, 7241348 bytes).
PDF statistics:
 1276 PDF objects out of 1440 (max. 8388607)
 1078 compressed objects within 11 object streams
 181 named destinations out of 1000 (max. 500000)
 408 words of extra memory for PDF output out of 10000 (max. 10000000)

