\BOOKMARK [1][-]{section.1}{\376\377\000I\000n\000t\000r\000o\000d\000u\000c\000t\000i\000o\000n}{}% 1
\BOOKMARK [1][-]{section.2}{\376\377\000M\000e\000t\000h\000o\000d\000s}{}% 2
\BOOKMARK [2][-]{subsection.2.1}{\376\377\000S\000t\000u\000d\000y\000\040\000L\000o\000c\000a\000t\000i\000o\000n}{section.2}% 3
\BOOKMARK [2][-]{subsection.2.2}{\376\377\000S\000t\000u\000d\000y\000\040\000S\000p\000e\000c\000i\000e\000s\000\040\000a\000n\000d\000\040\000H\000y\000p\000o\000t\000h\000e\000s\000e\000s}{section.2}% 4
\BOOKMARK [3][-]{subsubsection.2.2.1}{\376\377\000K\000i\000n\000g\000\040\000C\000o\000b\000r\000a}{subsection.2.2}% 5
\BOOKMARK [3][-]{subsubsection.2.2.2}{\376\377\000B\000u\000r\000m\000e\000s\000e\000\040\000P\000y\000t\000h\000o\000n}{subsection.2.2}% 6
\BOOKMARK [3][-]{subsubsection.2.2.3}{\376\377\000M\000a\000l\000a\000y\000a\000n\000\040\000K\000r\000a\000i\000t}{subsection.2.2}% 7
\BOOKMARK [3][-]{subsubsection.2.2.4}{\376\377\000B\000a\000n\000d\000e\000d\000\040\000K\000r\000a\000i\000t}{subsection.2.2}% 8
\BOOKMARK [1][-]{section.3}{\376\377\000n\000o\000t\000e\000s}{}% 9
\BOOKMARK [2][-]{subsubsection.3.0.1}{\376\377\000K\000i\000n\000g\000\040\000C\000o\000b\000r\000a}{section.3}% 10
\BOOKMARK [3][-]{subsubsection.3.0.2}{\376\377\000B\000u\000r\000m\000e\000s\000e\000\040\000P\000y\000t\000h\000o\000n}{subsubsection.3.0.1}% 11
\BOOKMARK [3][-]{subsubsection.3.0.3}{\376\377\000M\000a\000l\000a\000y\000a\000n\000\040\000K\000r\000a\000i\000t}{subsubsection.3.0.1}% 12
\BOOKMARK [3][-]{subsubsection.3.0.4}{\376\377\000B\000a\000n\000d\000e\000d\000\040\000K\000r\000a\000i\000t}{subsubsection.3.0.1}% 13
\BOOKMARK [1][-]{section.4}{\376\377\000\173\000r\000\040\000o\000p\000e\000n\000O\000p\000t\000i\000o\000n\000s\000\175\000\040\000\043\000\040\000o\000p\000t\000i\000o\000n\000s\000C\000o\000m\000p\000l\000e\000t\000e\000L\000i\000s\000t\000\040\000<\000-\000\040\000r\000e\000a\000d\000R\000D\000S\000\050\000h\000e\000r\000e\000:\000:\000h\000e\000r\000e\000\050\000"\000d\000a\000t\000a\000"\000,\000\040\000"\000o\000p\000t\000i\000o\000n\000s\000C\000o\000m\000p\000l\000e\000t\000e\000L\000i\000s\000t\000.\000r\000d\000s\000"\000\051\000\051\000\040\000\043}{}% 14
\BOOKMARK [1][-]{section.5}{\376\377\000R\000e\000s\000u\000l\000t\000s}{}% 15
\BOOKMARK [1][-]{section.6}{\376\377\000D\000i\000s\000c\000u\000s\000s\000i\000o\000n}{}% 16
\BOOKMARK [2][-]{subsection.6.1}{\376\377\000L\000i\000m\000i\000t\000a\000t\000i\000o\000n\000s}{section.6}% 17
\BOOKMARK [2][-]{subsection.6.2}{\376\377\000C\000o\000n\000c\000l\000u\000s\000i\000o\000n\000s}{section.6}% 18
\BOOKMARK [1][-]{section.7}{\376\377\000A\000c\000k\000n\000o\000w\000l\000e\000d\000g\000e\000m\000e\000n\000t\000s}{}% 19
\BOOKMARK [1][-]{section.8}{\376\377\000S\000o\000f\000t\000w\000a\000r\000e\000\040\000a\000v\000a\000i\000l\000a\000b\000l\000i\000t\000y}{}% 20
\BOOKMARK [1][-]{section.9}{\376\377\000D\000a\000t\000a\000\040\000a\000v\000a\000i\000l\000a\000b\000i\000l\000t\000y}{}% 21
\BOOKMARK [1][-]{section.10}{\376\377\000S\000u\000p\000p\000l\000e\000m\000e\000n\000t\000a\000r\000y\000\040\000M\000a\000t\000e\000r\000i\000a\000l}{}% 22
\BOOKMARK [1][-]{section.10}{\376\377\000R\000e\000f\000e\000r\000e\000n\000c\000e\000s}{}% 23
